<?xml version="1.0" encoding="UTF-8"?>
<!-- Generated by org.testng.reporters.JUnitXMLReporter -->
<testsuite ignored="0" hostname="LAPTOP-KJ6MRKFC" failures="1" tests="1" name="Test" time="22.179" errors="0" timestamp="2020-06-22T22:26:08 IST">
  <testcase classname="com.qa.waitUtility.ExplicitWaitWithUtilityDemo" name="test" time="11.532">
    <failure type="java.lang.NullPointerException">
      <![CDATA[java.lang.NullPointerException
at com.qa.waitUtility.ExplicitWaitWithUtilityDemo.test(ExplicitWaitWithUtilityDemo.java:34)
at java.base/java.util.ArrayList.forEach(ArrayList.java:1510)
... Removed 27 stack frames]]>
    </failure>
  </testcase> <!-- test -->
</testsuite> <!-- Test -->
